{
  "RSpec": {
    "coverage": {
      "C:/Users/sprig/OneDrive/Documents/Spring 2021 Notes/CSCE 431 - Lecture/FishCampPartnershipMatcher/spec/models/preference_spec.rb": {
        "lines": [
          null,
          1,
          null,
          null,
          1,
          null,
          1,
          1,
          null,
          null,
          null,
          null,
          null,
          1,
          1,
          1,
          null,
          null,
          1,
          0,
          null,
          null,
          1,
          0,
          0,
          0,
          null,
          null,
          null,
          null,
          1,
          1,
          1,
          1,
          1,
          1,
          1,
          null,
          null,
          1,
          1,
          1,
          1,
          1,
          1,
          null,
          1,
          1,
          1,
          1,
          1,
          null,
          1,
          1,
          1,
          null,
          1,
          1,
          1,
          1,
          1,
          1,
          null,
          1,
          1,
          0,
          0,
          0,
          0,
          null,
          0,
          0,
          0,
          0,
          null,
          0,
          0,
          0,
          null,
          0,
          0,
          0,
          0,
          0,
          0,
          null,
          null,
          1,
          1,
          1,
          1,
          1,
          1,
          1,
          1,
          1,
          1,
          1,
          1,
          1,
          null,
          1,
          1,
          1,
          1,
          1,
          1,
          1,
          null,
          1,
          1,
          1,
          1,
          1,
          1,
          null,
          1,
          1,
          1,
          null,
          1,
          1,
          1,
          1,
          1,
          1,
          null,
          1,
          1,
          0,
          0,
          0,
          0,
          null,
          0,
          0,
          0,
          null,
          1,
          1,
          1,
          1,
          1,
          1,
          1,
          1,
          1,
          1,
          1,
          1,
          1,
          null,
          1,
          1,
          1,
          1,
          1,
          1,
          1,
          1,
          1,
          1,
          1,
          1,
          1,
          null,
          1,
          1,
          1,
          1,
          1,
          1,
          1,
          1,
          1,
          1,
          1,
          1,
          1,
          null,
          1,
          1,
          1,
          1,
          1,
          1,
          1,
          1,
          1,
          1,
          1,
          1,
          1,
          null,
          1,
          1,
          1,
          1,
          1,
          1,
          1,
          1,
          1,
          1,
          1,
          1,
          1,
          null,
          1,
          1,
          1,
          1,
          1,
          1,
          1,
          1,
          1,
          1,
          1,
          1,
          1,
          null,
          1,
          1,
          1,
          1,
          1,
          1,
          1,
          1,
          1,
          1,
          1,
          1,
          1,
          null,
          1,
          1,
          1,
          1,
          1,
          1,
          1,
          1,
          1,
          1,
          1,
          1,
          1,
          null,
          1,
          1,
          1,
          1,
          1,
          1,
          1,
          1,
          1,
          1,
          1,
          1,
          1,
          null,
          1,
          1,
          1,
          1,
          1,
          1,
          1,
          1,
          1,
          1,
          1,
          1,
          1,
          null,
          1,
          1,
          1,
          1,
          1,
          1,
          1,
          1,
          1,
          1,
          1,
          1,
          1,
          null,
          1,
          1,
          1,
          1,
          1,
          1,
          1,
          1,
          1,
          1,
          1,
          1,
          1,
          null,
          null,
          null,
          null,
          1,
          1,
          1,
          1,
          1,
          1,
          1,
          1,
          1,
          1,
          1,
          1,
          1,
          1,
          1,
          null,
          1,
          1,
          1,
          1,
          1,
          1,
          1,
          1,
          1,
          1,
          1,
          1,
          1,
          null,
          1,
          1,
          1,
          1,
          1,
          1,
          1,
          1,
          1,
          1,
          1,
          1,
          1,
          null,
          1,
          1,
          1,
          1,
          1,
          1,
          1,
          1,
          1,
          1,
          1,
          1,
          1,
          null,
          1,
          1,
          1,
          1,
          1,
          1,
          1,
          1,
          1,
          1,
          1,
          1,
          1,
          null,
          null,
          null,
          null,
          1,
          1,
          1,
          1,
          1,
          1,
          1,
          1,
          1,
          1,
          1,
          1,
          1,
          1,
          1,
          null,
          1,
          1,
          1,
          1,
          1,
          1,
          1,
          1,
          1,
          1,
          1,
          1,
          1,
          null,
          1,
          1,
          1,
          1,
          1,
          1,
          1,
          1,
          1,
          1,
          1,
          1,
          1,
          null,
          1,
          1,
          1,
          1,
          1,
          1,
          1,
          1,
          1,
          1,
          1,
          1,
          1,
          null,
          null,
          null,
          null,
          1,
          1,
          1,
          1,
          1,
          1,
          1,
          1,
          1,
          1,
          1,
          1,
          1,
          1,
          1,
          null,
          1,
          1,
          1,
          1,
          1,
          1,
          1,
          1,
          1,
          1,
          1,
          1,
          1,
          null,
          1,
          1,
          1,
          1,
          1,
          1,
          1,
          1,
          1,
          1,
          1,
          1,
          1,
          null,
          1,
          1,
          1,
          1,
          1,
          1,
          1,
          1,
          1,
          1,
          1,
          1,
          1,
          null,
          1,
          1,
          1,
          1,
          1,
          1,
          1,
          1,
          1,
          1,
          1,
          1,
          1,
          null,
          1,
          1,
          1,
          1,
          1,
          1,
          1,
          1,
          1,
          1,
          1,
          1,
          1,
          null,
          1,
          1,
          1,
          1,
          1,
          1,
          1,
          1,
          1,
          1,
          1,
          1,
          1,
          null,
          1,
          1,
          1,
          1,
          1,
          1,
          1,
          1,
          1,
          1,
          1,
          1,
          1,
          null,
          1,
          1,
          1,
          1,
          1,
          1,
          1,
          1,
          1,
          1,
          1,
          1,
          1,
          null,
          null,
          null
        ]
      },
      "/mnt/c/Users/sdbsn/Documents/Github/FishCampPartnershipMatcher/spec/rails_helper.rb": {
        "lines": [
          null,
          null,
          null,
          1,
          1,
          1,
          null,
          1,
          1,
          null,
          null,
          null,
          null,
          null,
          null,
          null,
          null,
          null,
          null,
          null,
          null,
          null,
          null,
          null,
          null,
          null,
          null,
          null,
          null,
          1,
          null,
          0,
          0,
          null,
          1,
          null,
          1,
          null,
          null,
          null,
          null,
          1,
          null,
          null,
          null,
          null,
          null,
          null,
          null,
          null,
          null,
          null,
          null,
          null,
          null,
          null,
          null,
          null,
          null,
          1,
          null,
          null,
          1,
          null,
          null,
          null
        ]
      },
      "/mnt/c/Users/sdbsn/Documents/Github/FishCampPartnershipMatcher/config/environment.rb": {
        "lines": [
          null,
          null,
          null,
          1,
          null,
          null,
          1
        ]
      },
      "/mnt/c/Users/sdbsn/Documents/Github/FishCampPartnershipMatcher/config/application.rb": {
        "lines": [
          null,
          null,
          1,
          null,
          1,
          null,
          null,
          null,
          1,
          null,
          1,
          1,
          null,
          1,
          null,
          null,
          null,
          null,
          null,
          null,
          null,
          null,
          null,
          null
        ]
      },
      "/mnt/c/Users/sdbsn/Documents/Github/FishCampPartnershipMatcher/config/boot.rb": {
        "lines": [
          null,
          null,
          1,
          null,
          1,
          1
        ]
      },
      "/mnt/c/Users/sdbsn/Documents/Github/FishCampPartnershipMatcher/config/environments/test.rb": {
        "lines": [
          null,
          null,
          1,
          null,
          null,
          null,
          null,
          null,
          null,
          1,
          null,
          null,
          1,
          1,
          null,
          null,
          null,
          null,
          1,
          null,
          null,
          1,
          1,
          null,
          null,
          null,
          null,
          1,
          1,
          1,
          null,
          null,
          1,
          null,
          null,
          1,
          null,
          null,
          1,
          null,
          1,
          null,
          null,
          null,
          null,
          1,
          null,
          null,
          1,
          null,
          null,
          1,
          null,
          null,
          1,
          null,
          null,
          null,
          null,
          null,
          null,
          null
        ]
      },
      "C:/Users/sprig/OneDrive/Documents/Spring 2021 Notes/CSCE 431 - Lecture/FishCampPartnershipMatcher/config/initializers/application_controller_renderer.rb": {
        "lines": [
          null,
          null,
          null,
          null,
          null,
          null,
          null,
          null,
          null
        ]
      },
      "C:/Users/sprig/OneDrive/Documents/Spring 2021 Notes/CSCE 431 - Lecture/FishCampPartnershipMatcher/config/initializers/assets.rb": {
        "lines": [
          null,
          null,
          null,
          null,
          null,
          1,
          null,
          null,
          null,
          null,
          1,
          null,
          null,
          null,
          null,
          null
        ]
      },
      "C:/Users/sprig/OneDrive/Documents/Spring 2021 Notes/CSCE 431 - Lecture/FishCampPartnershipMatcher/config/initializers/backtrace_silencers.rb": {
        "lines": [
          null,
          null,
          null,
          null,
          null,
          null,
          null,
          null,
          null,
          1
        ]
      },
      "C:/Users/sprig/OneDrive/Documents/Spring 2021 Notes/CSCE 431 - Lecture/FishCampPartnershipMatcher/config/initializers/clearance.rb": {
        "lines": [
          null,
          null,
          1,
          1,
          null
        ]
      },
      "C:/Users/sprig/OneDrive/Documents/Spring 2021 Notes/CSCE 431 - Lecture/FishCampPartnershipMatcher/config/initializers/content_security_policy.rb": {
        "lines": [
          null,
          null,
          null,
          null,
          null,
          null,
          null,
          null,
          null,
          null,
          null,
          null,
          null,
          null,
          null,
          null,
          null,
          null,
          null,
          null,
          null,
          null,
          null,
          null,
          null,
          null,
          null,
          null,
          null,
          null,
          null
        ]
      },
      "C:/Users/sprig/OneDrive/Documents/Spring 2021 Notes/CSCE 431 - Lecture/FishCampPartnershipMatcher/config/initializers/cookies_serializer.rb": {
        "lines": [
          null,
          null,
          null,
          null,
          null,
          null,
          1
        ]
      },
      "C:/Users/sprig/OneDrive/Documents/Spring 2021 Notes/CSCE 431 - Lecture/FishCampPartnershipMatcher/config/initializers/filter_parameter_logging.rb": {
        "lines": [
          null,
          null,
          null,
          null,
          null,
          1,
          null,
          null
        ]
      },
      "C:/Users/sprig/OneDrive/Documents/Spring 2021 Notes/CSCE 431 - Lecture/FishCampPartnershipMatcher/config/initializers/inflections.rb": {
        "lines": [
          null,
          null,
          null,
          null,
          null,
          null,
          null,
          null,
          null,
          null,
          null,
          null,
          null,
          null,
          null,
          null,
          null
        ]
      },
      "C:/Users/sprig/OneDrive/Documents/Spring 2021 Notes/CSCE 431 - Lecture/FishCampPartnershipMatcher/config/initializers/mime_types.rb": {
        "lines": [
          null,
          null,
          null,
          null,
          null
        ]
      },
      "C:/Users/sprig/OneDrive/Documents/Spring 2021 Notes/CSCE 431 - Lecture/FishCampPartnershipMatcher/config/initializers/permissions_policy.rb": {
        "lines": [
          null,
          null,
          null,
          null,
          null,
          null,
          null,
          null,
          null,
          null,
          null,
          null
        ]
      },
      "/mnt/c/Users/sdbsn/Documents/Github/FishCampPartnershipMatcher/config/initializers/rolify.rb": {
        "lines": [
          null,
          null,
          1,
          null,
          null,
          null,
          null,
          null,
          null,
          null,
          null,
          null
        ]
      },
      "/mnt/c/Users/sdbsn/Documents/Github/FishCampPartnershipMatcher/config/initializers/wrap_parameters.rb": {
        "lines": [
          null,
          null,
          null,
          null,
          null,
          null,
          null,
          null,
          1,
          2,
          null,
          null,
          null,
          null,
          null,
          null
        ]
      },
      "C:/Users/sprig/OneDrive/Documents/Spring 2021 Notes/CSCE 431 - Lecture/FishCampPartnershipMatcher/config/routes.rb": {
        "lines": [
          null,
          null,
          1,
          1,
          1,
          1,
          1,
          1,
          1,
          1,
          1,
          1,
          null,
          1,
          null,
          1,
          null,
          1,
          1,
          1,
          null,
          null,
          null,
          1,
          1,
          1,
          null,
          null,
          null,
          1,
          1,
          1,
          null,
          null,
          null,
          1,
          1,
          1,
          null,
          null,
          null,
          1,
          1,
          1,
          null,
          null,
          null,
          1,
          1,
          1,
          null,
          null,
          null,
          1,
          null,
          1,
          1,
          1,
          1,
          1,
          1,
          null
        ]
      },
      "/mnt/c/Users/sdbsn/Documents/Github/FishCampPartnershipMatcher/app/helpers/answers_helper.rb": {
        "lines": [
          null,
          null,
          1,
          null,
          1,
          0,
          0,
          null,
          0,
          null,
          0,
          null,
          0,
          null,
          0,
          null,
          0,
          null,
          null,
          0,
          null,
          null,
          null
        ]
      },
      "/mnt/c/Users/sdbsn/Documents/Github/FishCampPartnershipMatcher/app/helpers/application_helper.rb": {
        "lines": [
          null,
          null,
          null,
          1,
          1,
          10,
          null,
          null,
          1,
          88,
          null,
          1,
          null,
          1,
          null,
          1,
          null,
          85,
          null,
          null,
          null,
          1,
          0,
          0,
          null,
          0,
          null,
          0,
          null,
          0,
          null,
          0,
          null,
          0,
          null,
          null,
          0,
          null,
          null,
          null,
          null,
          1,
          null,
          0,
          null,
          0,
          null,
          0,
          null,
          0,
          null,
          0,
          null,
          0,
          null,
          null,
          null
        ]
      },
      "/mnt/c/Users/sdbsn/Documents/Github/FishCampPartnershipMatcher/app/helpers/matches_helper.rb": {
        "lines": [
          null,
          null,
          1,
          null,
          1,
          0,
          0,
          0,
          null,
          0,
          0,
          null,
          null,
          0,
          0,
          0,
          0,
          null,
          0,
          0,
          0,
          0,
          0,
          null,
          0,
          null,
          0,
          0,
          0,
          null,
          null,
          0,
          0,
          0,
          null,
          0,
          0,
          0,
          null,
          0,
          null,
          null,
          null,
          null,
          0,
          0,
          0,
          0,
          null,
          0,
          0,
          0,
          null,
          null,
          0,
          0,
          0,
          null,
          0,
          0,
          0,
          null,
          0,
          null,
          null,
          null,
          null,
          0,
          0,
          null,
          null,
          null,
          0,
          null,
          0,
          null,
          0,
          null,
          null,
          0,
          null,
          0,
          0,
          null,
          null,
          null,
          1,
          0,
          0,
          0,
          null,
          null
        ]
      },
      "C:/Users/sprig/OneDrive/Documents/Spring 2021 Notes/CSCE 431 - Lecture/FishCampPartnershipMatcher/app/helpers/personalities_helper.rb": {
        "lines": [
          null,
          null,
          1,
          null
        ]
      },
      "C:/Users/sprig/OneDrive/Documents/Spring 2021 Notes/CSCE 431 - Lecture/FishCampPartnershipMatcher/app/helpers/preference_forms_helper.rb": {
        "lines": [
          null,
          null,
          1,
          null
        ]
      },
      "C:/Users/sprig/OneDrive/Documents/Spring 2021 Notes/CSCE 431 - Lecture/FishCampPartnershipMatcher/app/helpers/preferences_helper.rb": {
        "lines": [
          null,
          null,
          1,
          null
        ]
      },
      "C:/Users/sprig/OneDrive/Documents/Spring 2021 Notes/CSCE 431 - Lecture/FishCampPartnershipMatcher/app/helpers/profiles_helper.rb": {
        "lines": [
          null,
          null,
          1,
          null
        ]
      },
      "C:/Users/sprig/OneDrive/Documents/Spring 2021 Notes/CSCE 431 - Lecture/FishCampPartnershipMatcher/app/helpers/public_forms_helper.rb": {
        "lines": [
          null,
          null,
          1,
          null
        ]
      },
      "C:/Users/sprig/OneDrive/Documents/Spring 2021 Notes/CSCE 431 - Lecture/FishCampPartnershipMatcher/app/helpers/questions_helper.rb": {
        "lines": [
          null,
          null,
          null,
          1,
          null
        ]
      },
      "/mnt/c/Users/sdbsn/Documents/Github/FishCampPartnershipMatcher/spec/helpers/matches_helper_spec.rb": {
        "lines": [
          null,
          null,
          1,
          null,
          null,
          null,
          null,
          null,
          null,
          null,
          null,
          null,
          null,
          null,
          1,
          1,
          null
        ]
      },
      "/mnt/c/Users/sdbsn/Documents/Github/FishCampPartnershipMatcher/spec/models/match_spec.rb": {
        "lines": [
          null,
          null,
          1,
          null,
          1,
          1,
          null
        ]
      },
      "/mnt/c/Users/sdbsn/Documents/Github/FishCampPartnershipMatcher/app/models/match.rb": {
        "lines": [
          null,
          null,
          1,
          1,
          null
        ]
      },
      "/mnt/c/Users/sdbsn/Documents/Github/FishCampPartnershipMatcher/app/models/application_record.rb": {
        "lines": [
          null,
          null,
          1,
          1,
          null
        ]
      },
      "/mnt/c/Users/sdbsn/Documents/Github/FishCampPartnershipMatcher/spec/models/profile_spec.rb": {
        "lines": [
          null,
          null,
          1,
          null
        ]
      },
      "C:/Users/sprig/OneDrive/Documents/Spring 2021 Notes/CSCE 431 - Lecture/FishCampPartnershipMatcher/app/models/application_record.rb": {
        "lines": [
          null,
          null,
          1,
          1,
          null
        ]
      },
      "C:/Users/sprig/OneDrive/Documents/Spring 2021 Notes/CSCE 431 - Lecture/FishCampPartnershipMatcher/app/models/user.rb": {
        "lines": [
          null,
          null,
          1,
          1,
          1,
          null,
          1,
          null,
          1,
          6,
          null,
          null
        ]
      },
      "C:/Users/sprig/OneDrive/Documents/Spring 2021 Notes/CSCE 431 - Lecture/FishCampPartnershipMatcher/app/models/role.rb": {
        "lines": [
          1,
          1,
          null,
          1,
          null,
          null,
          null,
          null,
          1,
          null,
          null,
          null,
          1,
          null
        ]
      },
      "C:/Users/sprig/OneDrive/Documents/Spring 2021 Notes/CSCE 431 - Lecture/FishCampPartnershipMatcher/app/models/profile.rb": {
        "lines": [
          null,
          null,
          1,
          1,
          null,
          1,
          null
        ]
      },
      "C:/Users/sprig/OneDrive/Documents/Spring 2021 Notes/CSCE 431 - Lecture/FishCampPartnershipMatcher/app/controllers/profiles_controller.rb": {
        "lines": [
          null,
          null,
          1,
          null,
          1,
          null,
          1,
          0,
          0,
          null,
          0,
          0,
          null,
          null,
          null,
          1,
          null,
          1,
          2,
          0,
          null,
          2,
          2,
          null,
          null,
          1,
          0,
          0,
          0,
          0,
          null,
          0,
          null,
          null,
          null,
          1,
          0,
          null,
          null,
          1,
          0,
          0,
          0,
          null,
          0,
          null,
          null,
          null,
          1,
          0,
          null,
          null,
          1,
          0,
          null,
          null,
          1,
          0,
          0,
          0,
          null,
          null,
          null,
          1,
          0,
          null,
          null
        ]
      },
      "C:/Users/sprig/OneDrive/Documents/Spring 2021 Notes/CSCE 431 - Lecture/FishCampPartnershipMatcher/app/controllers/application_controller.rb": {
        "lines": [
          null,
          null,
          1,
          1,
          null
        ]
      },
      "C:/Users/sprig/OneDrive/Documents/Spring 2021 Notes/CSCE 431 - Lecture/FishCampPartnershipMatcher/app/controllers/preference_forms_controller.rb": {
        "lines": [
          null,
          null,
          1,
          1,
          null,
          1,
          null
        ]
      },
      "/mnt/c/Users/sdbsn/Documents/Github/FishCampPartnershipMatcher/spec/models/question_spec.rb": {
        "lines": [
          null,
          null,
          1,
          0,
          0,
          0,
          null,
          0,
          null,
          null,
          0,
          0,
          null,
          0,
          0,
          0,
          null,
          null,
          0,
          0,
          0,
          0,
          0,
          null,
          null,
          null,
          0,
          null,
          0,
          0,
          null,
          0,
          null,
          0,
          null,
          0,
          null,
          0,
          null,
          null,
          null,
          1,
          2,
          null,
          null,
          1,
          2,
          null,
          2,
          2,
          null,
          0,
          null,
          null,
          null,
          1,
          0,
          null,
          null,
          1,
          0,
          0,
          0,
          null,
          0,
          null,
          null,
          null,
          1,
          0,
          null,
          null,
          1,
          0,
          0,
          0,
          null,
          null,
          1,
          2,
          null,
          null
        ]
      },
      "C:/Users/sprig/OneDrive/Documents/Spring 2021 Notes/CSCE 431 - Lecture/FishCampPartnershipMatcher/app/models/preference_form.rb": {
        "lines": [
          null,
          null,
          1,
          1,
          1,
          null
        ]
      },
      "/mnt/c/Users/sdbsn/Documents/Github/FishCampPartnershipMatcher/spec/models/role_spec.rb": {
        "lines": [
          null,
          null,
          1,
          null,
          1,
          1,
          null
        ]
      },
      "/mnt/c/Users/sdbsn/Documents/Github/FishCampPartnershipMatcher/app/models/role.rb": {
        "lines": [
          null,
          null,
          1,
          1,
          null,
          1,
          null,
          null,
          null,
          1,
          null,
          null,
          null,
          1,
          null
        ]
      },
      "/mnt/c/Users/sdbsn/Documents/Github/FishCampPartnershipMatcher/spec/requests/matches_request_spec.rb": {
        "lines": [
          null,
          null,
          1,
          1,
          null,
          1,
          null
        ]
      },
      "/mnt/c/Users/sdbsn/Documents/Github/FishCampPartnershipMatcher/app/controllers/profiles_controller.rb": {
        "lines": [
          null,
          null,
          1,
          null,
          1,
          null,
          1,
          48,
          48,
          null,
          48,
          null,
          null,
          1,
          2,
          2,
          null,
          null,
          1,
          86,
          86,
          86,
          null,
          2,
          2,
          null,
          1,
          44,
          44,
          44,
          null,
          43,
          43,
          null,
          43,
          null,
          0,
          null,
          null,
          null,
          1,
          0,
          null,
          null,
          1,
          0,
          0,
          0,
          null,
          null,
          0,
          null,
          null,
          null,
          1,
          0,
          null,
          null,
          1,
          0,
          0,
          null,
          0,
          null,
          0,
          null,
          null,
          1,
          null,
          1,
          2,
          null,
          null,
          null
        ]
      },
      "C:/Users/sprig/OneDrive/Documents/Spring 2021 Notes/CSCE 431 - Lecture/FishCampPartnershipMatcher/app/models/question.rb": {
        "lines": [
          null,
          null,
          1,
          1,
          1,
          1,
          1,
          88,
          null,
          null,
          null
        ]
      },
      "C:/Users/sprig/OneDrive/Documents/Spring 2021 Notes/CSCE 431 - Lecture/FishCampPartnershipMatcher/app/models/choice.rb": {
        "lines": [
          null,
          null,
          1,
          1,
          null
        ]
      },
      "C:/Users/sprig/OneDrive/Documents/Spring 2021 Notes/CSCE 431 - Lecture/FishCampPartnershipMatcher/app/controllers/public_forms_controller.rb": {
        "lines": [
          null,
          null,
          1,
          1,
          1,
          null,
          1,
          null,
          1,
          88,
          null,
          null
        ]
      },
      "C:/Users/sprig/OneDrive/Documents/Spring 2021 Notes/CSCE 431 - Lecture/FishCampPartnershipMatcher/app/controllers/answers_controller.rb": {
        "lines": [
          null,
          null,
          1,
          null,
          1,
          null,
          1,
          42,
          42,
          42,
          null,
          null,
          1,
          null,
          1,
          4,
          4,
          4,
          null,
          17,
          17,
          17,
          null,
          17,
          null,
          17,
          null,
          17,
          null,
          17,
          20,
          null,
          null,
          null,
          17,
          12,
          12,
          null,
          null,
          17,
          null,
          1,
          1,
          1,
          1,
          null,
          1,
          1,
          1,
          1,
          null,
          1,
          1,
          1,
          1,
          null,
          1,
          1,
          1,
          1,
          null,
          1,
          1,
          1,
          1,
          null,
          1,
          1,
          1,
          1,
          null,
          1,
          1,
          1,
          1,
          null,
          1,
          1,
          1,
          1,
          null,
          null,
          1,
          1,
          1,
          1,
          null,
          1,
          1,
          1,
          1,
          null,
          1,
          1,
          1,
          1,
          null,
          1,
          1,
          1,
          1,
          null,
          1,
          1,
          1,
          1,
          null,
          1,
          1,
          1,
          1,
          null,
          1,
          1,
          1,
          1,
          null,
          1,
          null,
          1,
          null,
          5,
          5,
          5,
          null,
          5,
          5,
          null,
          5,
          null,
          5,
          null,
          1,
          1,
          1,
          null,
          1,
          1,
          1,
          null,
          1,
          1,
          1,
          null,
          1,
          1,
          1,
          null,
          1,
          1,
          null,
          1,
          1,
          1,
          null,
          1,
          1,
          null,
          1,
          1,
          1,
          1,
          1,
          null,
          null,
          1,
          null,
          5,
          5,
          5,
          null,
          5,
          null,
          1,
          1,
          1,
          1,
          1,
          1,
          1,
          1,
          null,
          1,
          1,
          1,
          1,
          1,
          1,
          1,
          1,
          null,
          1,
          1,
          1,
          1,
          1,
          1,
          1,
          1,
          null,
          1,
          1,
          1,
          1,
          1,
          1,
          1,
          1,
          null,
          null,
          null,
          null,
          null,
          10,
          10,
          null,
          10,
          10,
          null,
          null,
          1,
          1,
          1,
          null,
          null,
          1,
          1,
          1,
          null,
          null,
          1,
          1,
          1,
          null,
          null,
          1,
          1,
          1,
          null,
          null,
          1,
          1,
          1,
          null,
          null,
          1,
          1,
          1,
          null,
          null,
          null,
          null,
          1,
          1,
          1,
          null,
          null,
          1,
          1,
          1,
          null,
          null,
          null,
          null,
          null,
          null,
          null,
          null,
          null,
          null,
          null,
          null,
          null,
          null,
          null,
          1,
          2,
          2,
          2,
          null,
          null,
          1,
          0,
          0,
          0,
          0,
          null,
          0,
          null,
          null,
          null,
          1,
          0,
          0,
          0,
          null,
          null,
          1,
          0,
          0,
          0,
          0,
          null,
          0,
          null,
          null,
          null,
          1,
          0,
          0,
          0,
          null,
          null,
          1,
          0,
          0,
          0,
          null,
          0,
          0,
          null,
          null,
          1,
          null,
          1,
          0,
          null,
          null
        ]
      }
    },
    "timestamp": 1616479721
  }
}
